<?xml version="1.0" encoding="UTF-8"?>
<testng-results ignored="0" total="1" passed="1" failed="0" skipped="0">
  <reporter-output>
  </reporter-output>
  <suite started-at="2024-04-03T18:41:35 IST" name="Default suite" finished-at="2024-04-03T18:42:06 IST" duration-ms="30479">
    <groups>
    </groups>
    <test started-at="2024-04-03T18:41:35 IST" name="Default test" finished-at="2024-04-03T18:42:06 IST" duration-ms="30479">
      <class name="testpack.testclass">
        <test-method is-config="true" signature="start()[pri:0, instance:testpack.testclass@20140db9]" started-at="2024-04-03T18:41:35 IST" name="start" finished-at="2024-04-03T18:41:38 IST" duration-ms="2669" status="PASS">
          <reporter-output>
          </reporter-output>
        </test-method> <!-- start -->
        <test-method is-config="true" signature="getstart()[pri:0, instance:testpack.testclass@20140db9]" started-at="2024-04-03T18:41:38 IST" name="getstart" finished-at="2024-04-03T18:41:41 IST" duration-ms="3633" status="PASS">
          <reporter-output>
          </reporter-output>
        </test-method> <!-- getstart -->
        <test-method signature="logtest()[pri:0, instance:testpack.testclass@20140db9]" started-at="2024-04-03T18:41:41 IST" name="logtest" finished-at="2024-04-03T18:42:06 IST" duration-ms="24114" status="PASS">
          <reporter-output>
          </reporter-output>
        </test-method> <!-- logtest -->
      </class> <!-- testpack.testclass -->
    </test> <!-- Default test -->
  </suite> <!-- Default suite -->
</testng-results>
