<?xml version="1.0" encoding="UTF-8"?>
<testng-results ignored="0" total="1" passed="1" failed="0" skipped="0">
  <reporter-output>
  </reporter-output>
  <suite started-at="2024-04-03T15:54:16 IST" name="Default suite" finished-at="2024-04-03T15:54:29 IST" duration-ms="12907">
    <groups>
    </groups>
    <test started-at="2024-04-03T15:54:16 IST" name="Default test" finished-at="2024-04-03T15:54:29 IST" duration-ms="12907">
      <class name="testpack.testclass">
        <test-method is-config="true" signature="start()[pri:0, instance:testpack.testclass@20140db9]" started-at="2024-04-03T15:54:16 IST" name="start" finished-at="2024-04-03T15:54:19 IST" duration-ms="2804" status="PASS">
          <reporter-output>
          </reporter-output>
        </test-method> <!-- start -->
        <test-method is-config="true" signature="getstart()[pri:0, instance:testpack.testclass@20140db9]" started-at="2024-04-03T15:54:19 IST" name="getstart" finished-at="2024-04-03T15:54:23 IST" duration-ms="3712" status="PASS">
          <reporter-output>
          </reporter-output>
        </test-method> <!-- getstart -->
        <test-method signature="logtest()[pri:0, instance:testpack.testclass@20140db9]" started-at="2024-04-03T15:54:23 IST" name="logtest" finished-at="2024-04-03T15:54:29 IST" duration-ms="6323" status="PASS">
          <reporter-output>
          </reporter-output>
        </test-method> <!-- logtest -->
      </class> <!-- testpack.testclass -->
    </test> <!-- Default test -->
  </suite> <!-- Default suite -->
</testng-results>
